<?xml version="1.0" encoding="UTF-8"?>
<!-- Generated by org.testng.reporters.JUnitXMLReporter -->
<testsuite ignored="0" hostname="DESKTOP-S8OHSI1" failures="1" tests="2" name="Test" time="24.47" errors="0" timestamp="2024-04-03T12:34:42 EDT">
  <testcase classname="com.itlearn.testcases.LoginDataProvider" name="verify" time="5.864"/>
  <testcase classname="com.itlearn.testcases.LoginDataProvider" name="verify" time="4.645">
    <failure type="java.lang.AssertionError" message="expected [true] but found [false]">
      <![CDATA[java.lang.AssertionError: expected [true] but found [false]
at com.itlearn.testcases.LoginDataProvider.verify(LoginDataProvider.java:32)
at java.base/java.util.ArrayList.forEach(ArrayList.java:1511)
... Removed 31 stack frames]]>
    </failure>
  </testcase> <!-- verify -->
</testsuite> <!-- Test -->
